[0.010s] Invoking command in '/home/dav/braccio_ws/build/robot_arms': CMAKE_PREFIX_PATH=${CMAKE_PREFIX_PATH}:/opt/ros/jazzy DEBUGINFOD_URLS=https://debuginfod.ubuntu.com /usr/bin/cmake --build /home/dav/braccio_ws/build/robot_arms -- -j12 -l12
[0.064s] Invoked command in '/home/dav/braccio_ws/build/robot_arms' returned '0': CMAKE_PREFIX_PATH=${CMAKE_PREFIX_PATH}:/opt/ros/jazzy DEBUGINFOD_URLS=https://debuginfod.ubuntu.com /usr/bin/cmake --build /home/dav/braccio_ws/build/robot_arms -- -j12 -l12
[0.076s] Invoking command in '/home/dav/braccio_ws/build/robot_arms': CMAKE_PREFIX_PATH=${CMAKE_PREFIX_PATH}:/opt/ros/jazzy DEBUGINFOD_URLS=https://debuginfod.ubuntu.com /usr/bin/cmake --install /home/dav/braccio_ws/build/robot_arms
[0.085s] -- Install configuration: ""
[0.085s] -- Up-to-date: /home/dav/braccio_ws/install/robot_arms/share/robot_arms//launch
[0.085s] -- Installing: /home/dav/braccio_ws/install/robot_arms/share/robot_arms//launch/ur5e_description.launch.py
[0.086s] -- Installing: /home/dav/braccio_ws/install/robot_arms/share/robot_arms//launch/ur5e_gazebo.launch.py
[0.086s] -- Up-to-date: /home/dav/braccio_ws/install/robot_arms/share/robot_arms//config
[0.086s] -- Up-to-date: /home/dav/braccio_ws/install/robot_arms/share/robot_arms//config/gripper
[0.086s] -- Installing: /home/dav/braccio_ws/install/robot_arms/share/robot_arms//config/gripper/hande_parameters.yaml
[0.086s] -- Installing: /home/dav/braccio_ws/install/robot_arms/share/robot_arms//config/uclv_right_ur5e_kinematics.yaml
[0.087s] -- Up-to-date: /home/dav/braccio_ws/install/robot_arms/share/robot_arms//config/uclv_left_ur5e_kinematics,yaml
[0.087s] -- Installing: /home/dav/braccio_ws/install/robot_arms/share/robot_arms//config/ros2_controllers.yaml
[0.087s] -- Up-to-date: /home/dav/braccio_ws/install/robot_arms/share/robot_arms//config/ur5e
[0.087s] -- Up-to-date: /home/dav/braccio_ws/install/robot_arms/share/robot_arms//config/ur5e/joint_limits.yaml
[0.087s] -- Up-to-date: /home/dav/braccio_ws/install/robot_arms/share/robot_arms//config/ur5e/physical_parameters.yaml
[0.087s] -- Up-to-date: /home/dav/braccio_ws/install/robot_arms/share/robot_arms//config/ur5e/visual_parameters.yaml
[0.087s] -- Up-to-date: /home/dav/braccio_ws/install/robot_arms/share/robot_arms//urdf
[0.088s] -- Up-to-date: /home/dav/braccio_ws/install/robot_arms/share/robot_arms//urdf/uclv_left_ur5e.urdf.xacro
[0.088s] -- Installing: /home/dav/braccio_ws/install/robot_arms/share/robot_arms//urdf/robotiq_hande.urdf.xacro
[0.089s] -- Up-to-date: /home/dav/braccio_ws/install/robot_arms/share/robot_arms//urdf/uclv_dual_ur5e.urdf.xacro
[0.089s] -- Installing: /home/dav/braccio_ws/install/robot_arms/share/robot_arms//urdf/uclv_right_ur5e.urdf.xacro
[0.089s] -- Up-to-date: /home/dav/braccio_ws/install/robot_arms/share/robot_arms//meshes
[0.089s] -- Up-to-date: /home/dav/braccio_ws/install/robot_arms/share/robot_arms//meshes/collision
[0.090s] -- Up-to-date: /home/dav/braccio_ws/install/robot_arms/share/robot_arms//meshes/collision/taping_gun.stl
[0.090s] -- Up-to-date: /home/dav/braccio_ws/install/robot_arms/share/robot_arms//meshes/collision/finger-thin.stl
[0.090s] -- Up-to-date: /home/dav/braccio_ws/install/robot_arms/share/robot_arms//meshes/collision/gripper.stl
[0.090s] -- Up-to-date: /home/dav/braccio_ws/install/robot_arms/share/robot_arms//meshes/collision/modular_finger.stl
[0.091s] -- Up-to-date: /home/dav/braccio_ws/install/robot_arms/share/robot_arms//meshes/collision/finger-thin-prox.stl
[0.091s] -- Up-to-date: /home/dav/braccio_ws/install/robot_arms/share/robot_arms//meshes/collision/myvention_collision.stl
[0.091s] -- Up-to-date: /home/dav/braccio_ws/install/robot_arms/share/robot_arms//meshes/collision/finger.stl
[0.091s] -- Up-to-date: /home/dav/braccio_ws/install/robot_arms/share/robot_arms//meshes/collision/jaw.stl
[0.092s] -- Up-to-date: /home/dav/braccio_ws/install/robot_arms/share/robot_arms//meshes/collision/taping_gun_rot.stl
[0.092s] -- Up-to-date: /home/dav/braccio_ws/install/robot_arms/share/robot_arms//meshes/visual
[0.092s] -- Up-to-date: /home/dav/braccio_ws/install/robot_arms/share/robot_arms//meshes/visual/taping_gun.stl
[0.092s] -- Up-to-date: /home/dav/braccio_ws/install/robot_arms/share/robot_arms//meshes/visual/finger-thin.stl
[0.093s] -- Up-to-date: /home/dav/braccio_ws/install/robot_arms/share/robot_arms//meshes/visual/gripper.stl
[0.093s] -- Up-to-date: /home/dav/braccio_ws/install/robot_arms/share/robot_arms//meshes/visual/modular_finger.stl
[0.093s] -- Up-to-date: /home/dav/braccio_ws/install/robot_arms/share/robot_arms//meshes/visual/finger-thin-prox.stl
[0.093s] -- Up-to-date: /home/dav/braccio_ws/install/robot_arms/share/robot_arms//meshes/visual/finger.stl
[0.094s] -- Up-to-date: /home/dav/braccio_ws/install/robot_arms/share/robot_arms//meshes/visual/jaw.stl
[0.094s] -- Up-to-date: /home/dav/braccio_ws/install/robot_arms/share/robot_arms//meshes/visual/taping_gun_rot.stl
[0.094s] -- Up-to-date: /home/dav/braccio_ws/install/robot_arms/share/robot_arms//meshes/visual/myvention_visual.stl
[0.094s] -- Up-to-date: /home/dav/braccio_ws/install/robot_arms/share/robot_arms//rviz
[0.094s] -- Up-to-date: /home/dav/braccio_ws/install/robot_arms/share/robot_arms//rviz/view_robot.rviz
[0.094s] -- Up-to-date: /home/dav/braccio_ws/install/robot_arms/share/ament_index/resource_index/package_run_dependencies/robot_arms
[0.095s] -- Up-to-date: /home/dav/braccio_ws/install/robot_arms/share/ament_index/resource_index/parent_prefix_path/robot_arms
[0.095s] -- Up-to-date: /home/dav/braccio_ws/install/robot_arms/share/robot_arms/environment/ament_prefix_path.sh
[0.095s] -- Up-to-date: /home/dav/braccio_ws/install/robot_arms/share/robot_arms/environment/ament_prefix_path.dsv
[0.096s] -- Up-to-date: /home/dav/braccio_ws/install/robot_arms/share/robot_arms/environment/path.sh
[0.096s] -- Up-to-date: /home/dav/braccio_ws/install/robot_arms/share/robot_arms/environment/path.dsv
[0.096s] -- Up-to-date: /home/dav/braccio_ws/install/robot_arms/share/robot_arms/local_setup.bash
[0.097s] -- Up-to-date: /home/dav/braccio_ws/install/robot_arms/share/robot_arms/local_setup.sh
[0.098s] -- Up-to-date: /home/dav/braccio_ws/install/robot_arms/share/robot_arms/local_setup.zsh
[0.098s] -- Up-to-date: /home/dav/braccio_ws/install/robot_arms/share/robot_arms/local_setup.dsv
[0.098s] -- Installing: /home/dav/braccio_ws/install/robot_arms/share/robot_arms/package.dsv
[0.099s] -- Up-to-date: /home/dav/braccio_ws/install/robot_arms/share/ament_index/resource_index/packages/robot_arms
[0.099s] -- Up-to-date: /home/dav/braccio_ws/install/robot_arms/share/robot_arms/cmake/robot_armsConfig.cmake
[0.100s] -- Up-to-date: /home/dav/braccio_ws/install/robot_arms/share/robot_arms/cmake/robot_armsConfig-version.cmake
[0.100s] -- Up-to-date: /home/dav/braccio_ws/install/robot_arms/share/robot_arms/package.xml
[0.100s] Invoked command in '/home/dav/braccio_ws/build/robot_arms' returned '0': CMAKE_PREFIX_PATH=${CMAKE_PREFIX_PATH}:/opt/ros/jazzy DEBUGINFOD_URLS=https://debuginfod.ubuntu.com /usr/bin/cmake --install /home/dav/braccio_ws/build/robot_arms
