[0.010s] Invoking command in '/home/dav/braccio_ws/build/robot_arms': CMAKE_PREFIX_PATH=${CMAKE_PREFIX_PATH}:/opt/ros/jazzy DEBUGINFOD_URLS=https://debuginfod.ubuntu.com /usr/bin/cmake /home/dav/braccio_ws/src/robot_arms -DCMAKE_INSTALL_PREFIX=/home/dav/braccio_ws/install/robot_arms
[0.077s] -- The C compiler identification is GNU 13.3.0
[0.151s] -- The CXX compiler identification is GNU 13.3.0
[0.174s] -- Detecting C compiler ABI info
[0.288s] -- Detecting C compiler ABI info - done
[0.301s] -- Check for working C compiler: /usr/bin/cc - skipped
[0.302s] -- Detecting C compile features
[0.302s] -- Detecting C compile features - done
[0.317s] -- Detecting CXX compiler ABI info
[0.447s] -- Detecting CXX compiler ABI info - done
[0.455s] -- Check for working CXX compiler: /usr/bin/c++ - skipped
[0.455s] -- Detecting CXX compile features
[0.456s] -- Detecting CXX compile features - done
[0.460s] -- Found ament_cmake: 2.5.6 (/opt/ros/jazzy/share/ament_cmake/cmake)
[0.605s] -- Found Python3: /usr/bin/python3 (found version "3.12.3") found components: Interpreter 
[0.702s] -- Found ament_lint_auto: 0.17.5 (/opt/ros/jazzy/share/ament_lint_auto/cmake)
[0.785s] -- Added test 'flake8' to check Python code syntax and style conventions
[0.785s] -- Configured 'flake8' exclude dirs and/or files: 
[0.785s] -- Added test 'lint_cmake' to check CMake code style
[0.786s] -- Added test 'pep257' to check Python code against some of the docstring style conventions in PEP 257
[0.787s] -- Added test 'xmllint' to check XML markup files
[0.788s] -- Configuring done (0.8s)
[0.790s] -- Generating done (0.0s)
[0.791s] -- Build files have been written to: /home/dav/braccio_ws/build/robot_arms
[0.795s] Invoked command in '/home/dav/braccio_ws/build/robot_arms' returned '0': CMAKE_PREFIX_PATH=${CMAKE_PREFIX_PATH}:/opt/ros/jazzy DEBUGINFOD_URLS=https://debuginfod.ubuntu.com /usr/bin/cmake /home/dav/braccio_ws/src/robot_arms -DCMAKE_INSTALL_PREFIX=/home/dav/braccio_ws/install/robot_arms
[0.797s] Invoking command in '/home/dav/braccio_ws/build/robot_arms': CMAKE_PREFIX_PATH=${CMAKE_PREFIX_PATH}:/opt/ros/jazzy DEBUGINFOD_URLS=https://debuginfod.ubuntu.com /usr/bin/cmake --build /home/dav/braccio_ws/build/robot_arms -- -j12 -l12
[0.850s] Invoked command in '/home/dav/braccio_ws/build/robot_arms' returned '0': CMAKE_PREFIX_PATH=${CMAKE_PREFIX_PATH}:/opt/ros/jazzy DEBUGINFOD_URLS=https://debuginfod.ubuntu.com /usr/bin/cmake --build /home/dav/braccio_ws/build/robot_arms -- -j12 -l12
[0.867s] Invoking command in '/home/dav/braccio_ws/build/robot_arms': CMAKE_PREFIX_PATH=${CMAKE_PREFIX_PATH}:/opt/ros/jazzy DEBUGINFOD_URLS=https://debuginfod.ubuntu.com /usr/bin/cmake --install /home/dav/braccio_ws/build/robot_arms
[0.880s] -- Install configuration: ""
[0.880s] -- Installing: /home/dav/braccio_ws/install/robot_arms/share/robot_arms//launch
[0.880s] -- Installing: /home/dav/braccio_ws/install/robot_arms/share/robot_arms//launch/ur5e_description.launch.py
[0.880s] -- Installing: /home/dav/braccio_ws/install/robot_arms/share/robot_arms//config
[0.880s] -- Installing: /home/dav/braccio_ws/install/robot_arms/share/robot_arms//config/uclv_right_ur5e_kinematics.yaml
[0.880s] -- Installing: /home/dav/braccio_ws/install/robot_arms/share/robot_arms//config/uclv_left_ur5e_kinematics,yaml
[0.881s] -- Installing: /home/dav/braccio_ws/install/robot_arms/share/robot_arms//config/ur5e
[0.881s] -- Installing: /home/dav/braccio_ws/install/robot_arms/share/robot_arms//config/ur5e/joint_limits.yaml
[0.881s] -- Installing: /home/dav/braccio_ws/install/robot_arms/share/robot_arms//config/ur5e/physical_parameters.yaml
[0.881s] -- Installing: /home/dav/braccio_ws/install/robot_arms/share/robot_arms//config/ur5e/visual_parameters.yaml
[0.881s] -- Installing: /home/dav/braccio_ws/install/robot_arms/share/robot_arms//urdf
[0.881s] -- Installing: /home/dav/braccio_ws/install/robot_arms/share/robot_arms//urdf/uclv_left_ur5e.urdf.xacro
[0.881s] -- Installing: /home/dav/braccio_ws/install/robot_arms/share/robot_arms//urdf/robotiq_hande.urdf.xacro
[0.881s] -- Installing: /home/dav/braccio_ws/install/robot_arms/share/robot_arms//urdf/uclv_dual_ur5e.urdf.xacro
[0.882s] -- Installing: /home/dav/braccio_ws/install/robot_arms/share/robot_arms//urdf/uclv_right_ur5e.urdf.xacro
[0.882s] -- Installing: /home/dav/braccio_ws/install/robot_arms/share/robot_arms//meshes
[0.882s] -- Installing: /home/dav/braccio_ws/install/robot_arms/share/robot_arms//meshes/collision
[0.882s] -- Installing: /home/dav/braccio_ws/install/robot_arms/share/robot_arms//meshes/collision/taping_gun.stl
[0.882s] -- Installing: /home/dav/braccio_ws/install/robot_arms/share/robot_arms//meshes/collision/finger-thin.stl
[0.882s] -- Installing: /home/dav/braccio_ws/install/robot_arms/share/robot_arms//meshes/collision/gripper.stl
[0.883s] -- Installing: /home/dav/braccio_ws/install/robot_arms/share/robot_arms//meshes/collision/modular_finger.stl
[0.883s] -- Installing: /home/dav/braccio_ws/install/robot_arms/share/robot_arms//meshes/collision/finger-thin-prox.stl
[0.883s] -- Installing: /home/dav/braccio_ws/install/robot_arms/share/robot_arms//meshes/collision/myvention_collision.stl
[0.883s] -- Installing: /home/dav/braccio_ws/install/robot_arms/share/robot_arms//meshes/collision/finger.stl
[0.884s] -- Installing: /home/dav/braccio_ws/install/robot_arms/share/robot_arms//meshes/collision/jaw.stl
[0.886s] -- Installing: /home/dav/braccio_ws/install/robot_arms/share/robot_arms//meshes/collision/taping_gun_rot.stl
[0.887s] -- Installing: /home/dav/braccio_ws/install/robot_arms/share/robot_arms//meshes/visual
[0.888s] -- Installing: /home/dav/braccio_ws/install/robot_arms/share/robot_arms//meshes/visual/taping_gun.stl
[0.889s] -- Installing: /home/dav/braccio_ws/install/robot_arms/share/robot_arms//meshes/visual/finger-thin.stl
[0.889s] -- Installing: /home/dav/braccio_ws/install/robot_arms/share/robot_arms//meshes/visual/gripper.stl
[0.890s] -- Installing: /home/dav/braccio_ws/install/robot_arms/share/robot_arms//meshes/visual/modular_finger.stl
[0.890s] -- Installing: /home/dav/braccio_ws/install/robot_arms/share/robot_arms//meshes/visual/finger-thin-prox.stl
[0.890s] -- Installing: /home/dav/braccio_ws/install/robot_arms/share/robot_arms//meshes/visual/finger.stl
[0.891s] -- Installing: /home/dav/braccio_ws/install/robot_arms/share/robot_arms//meshes/visual/jaw.stl
[0.892s] -- Installing: /home/dav/braccio_ws/install/robot_arms/share/robot_arms//meshes/visual/taping_gun_rot.stl
[0.893s] -- Installing: /home/dav/braccio_ws/install/robot_arms/share/robot_arms//meshes/visual/myvention_visual.stl
[0.893s] -- Installing: /home/dav/braccio_ws/install/robot_arms/share/robot_arms//rviz
[0.893s] -- Installing: /home/dav/braccio_ws/install/robot_arms/share/robot_arms//rviz/view_robot.rviz
[0.894s] -- Installing: /home/dav/braccio_ws/install/robot_arms/share/ament_index/resource_index/package_run_dependencies/robot_arms
[0.894s] -- Installing: /home/dav/braccio_ws/install/robot_arms/share/ament_index/resource_index/parent_prefix_path/robot_arms
[0.894s] -- Installing: /home/dav/braccio_ws/install/robot_arms/share/robot_arms/environment/ament_prefix_path.sh
[0.894s] -- Installing: /home/dav/braccio_ws/install/robot_arms/share/robot_arms/environment/ament_prefix_path.dsv
[0.894s] -- Installing: /home/dav/braccio_ws/install/robot_arms/share/robot_arms/environment/path.sh
[0.894s] -- Installing: /home/dav/braccio_ws/install/robot_arms/share/robot_arms/environment/path.dsv
[0.894s] -- Installing: /home/dav/braccio_ws/install/robot_arms/share/robot_arms/local_setup.bash
[0.894s] -- Installing: /home/dav/braccio_ws/install/robot_arms/share/robot_arms/local_setup.sh
[0.894s] -- Installing: /home/dav/braccio_ws/install/robot_arms/share/robot_arms/local_setup.zsh
[0.895s] -- Installing: /home/dav/braccio_ws/install/robot_arms/share/robot_arms/local_setup.dsv
[0.895s] -- Installing: /home/dav/braccio_ws/install/robot_arms/share/robot_arms/package.dsv
[0.895s] -- Installing: /home/dav/braccio_ws/install/robot_arms/share/ament_index/resource_index/packages/robot_arms
[0.895s] -- Installing: /home/dav/braccio_ws/install/robot_arms/share/robot_arms/cmake/robot_armsConfig.cmake
[0.895s] -- Installing: /home/dav/braccio_ws/install/robot_arms/share/robot_arms/cmake/robot_armsConfig-version.cmake
[0.895s] -- Installing: /home/dav/braccio_ws/install/robot_arms/share/robot_arms/package.xml
[0.896s] Invoked command in '/home/dav/braccio_ws/build/robot_arms' returned '0': CMAKE_PREFIX_PATH=${CMAKE_PREFIX_PATH}:/opt/ros/jazzy DEBUGINFOD_URLS=https://debuginfod.ubuntu.com /usr/bin/cmake --install /home/dav/braccio_ws/build/robot_arms
