-- Install configuration: ""
-- Up-to-date: /home/dav/braccio_ws/install/robot_arms/share/robot_arms//launch
-- Up-to-date: /home/dav/braccio_ws/install/robot_arms/share/robot_arms//launch/ur5e_description.launch.py
-- Installing: /home/dav/braccio_ws/install/robot_arms/share/robot_arms//launch/ur5e_gazebo.launch.py
-- Up-to-date: /home/dav/braccio_ws/install/robot_arms/share/robot_arms//config
-- Up-to-date: /home/dav/braccio_ws/install/robot_arms/share/robot_arms//config/uclv_right_ur5e_kinematics.yaml
-- Up-to-date: /home/dav/braccio_ws/install/robot_arms/share/robot_arms//config/uclv_left_ur5e_kinematics,yaml
-- Up-to-date: /home/dav/braccio_ws/install/robot_arms/share/robot_arms//config/ur5e
-- Up-to-date: /home/dav/braccio_ws/install/robot_arms/share/robot_arms//config/ur5e/joint_limits.yaml
-- Up-to-date: /home/dav/braccio_ws/install/robot_arms/share/robot_arms//config/ur5e/physical_parameters.yaml
-- Up-to-date: /home/dav/braccio_ws/install/robot_arms/share/robot_arms//config/ur5e/visual_parameters.yaml
-- Up-to-date: /home/dav/braccio_ws/install/robot_arms/share/robot_arms//urdf
-- Up-to-date: /home/dav/braccio_ws/install/robot_arms/share/robot_arms//urdf/uclv_left_ur5e.urdf.xacro
-- Up-to-date: /home/dav/braccio_ws/install/robot_arms/share/robot_arms//urdf/robotiq_hande.urdf.xacro
-- Up-to-date: /home/dav/braccio_ws/install/robot_arms/share/robot_arms//urdf/uclv_dual_ur5e.urdf.xacro
-- Up-to-date: /home/dav/braccio_ws/install/robot_arms/share/robot_arms//urdf/uclv_right_ur5e.urdf.xacro
-- Up-to-date: /home/dav/braccio_ws/install/robot_arms/share/robot_arms//meshes
-- Up-to-date: /home/dav/braccio_ws/install/robot_arms/share/robot_arms//meshes/collision
-- Up-to-date: /home/dav/braccio_ws/install/robot_arms/share/robot_arms//meshes/collision/taping_gun.stl
-- Up-to-date: /home/dav/braccio_ws/install/robot_arms/share/robot_arms//meshes/collision/finger-thin.stl
-- Up-to-date: /home/dav/braccio_ws/install/robot_arms/share/robot_arms//meshes/collision/gripper.stl
-- Up-to-date: /home/dav/braccio_ws/install/robot_arms/share/robot_arms//meshes/collision/modular_finger.stl
-- Up-to-date: /home/dav/braccio_ws/install/robot_arms/share/robot_arms//meshes/collision/finger-thin-prox.stl
-- Up-to-date: /home/dav/braccio_ws/install/robot_arms/share/robot_arms//meshes/collision/myvention_collision.stl
-- Up-to-date: /home/dav/braccio_ws/install/robot_arms/share/robot_arms//meshes/collision/finger.stl
-- Up-to-date: /home/dav/braccio_ws/install/robot_arms/share/robot_arms//meshes/collision/jaw.stl
-- Up-to-date: /home/dav/braccio_ws/install/robot_arms/share/robot_arms//meshes/collision/taping_gun_rot.stl
-- Up-to-date: /home/dav/braccio_ws/install/robot_arms/share/robot_arms//meshes/visual
-- Up-to-date: /home/dav/braccio_ws/install/robot_arms/share/robot_arms//meshes/visual/taping_gun.stl
-- Up-to-date: /home/dav/braccio_ws/install/robot_arms/share/robot_arms//meshes/visual/finger-thin.stl
-- Up-to-date: /home/dav/braccio_ws/install/robot_arms/share/robot_arms//meshes/visual/gripper.stl
-- Up-to-date: /home/dav/braccio_ws/install/robot_arms/share/robot_arms//meshes/visual/modular_finger.stl
-- Up-to-date: /home/dav/braccio_ws/install/robot_arms/share/robot_arms//meshes/visual/finger-thin-prox.stl
-- Up-to-date: /home/dav/braccio_ws/install/robot_arms/share/robot_arms//meshes/visual/finger.stl
-- Up-to-date: /home/dav/braccio_ws/install/robot_arms/share/robot_arms//meshes/visual/jaw.stl
-- Up-to-date: /home/dav/braccio_ws/install/robot_arms/share/robot_arms//meshes/visual/taping_gun_rot.stl
-- Up-to-date: /home/dav/braccio_ws/install/robot_arms/share/robot_arms//meshes/visual/myvention_visual.stl
-- Up-to-date: /home/dav/braccio_ws/install/robot_arms/share/robot_arms//rviz
-- Up-to-date: /home/dav/braccio_ws/install/robot_arms/share/robot_arms//rviz/view_robot.rviz
-- Up-to-date: /home/dav/braccio_ws/install/robot_arms/share/ament_index/resource_index/package_run_dependencies/robot_arms
-- Up-to-date: /home/dav/braccio_ws/install/robot_arms/share/ament_index/resource_index/parent_prefix_path/robot_arms
-- Up-to-date: /home/dav/braccio_ws/install/robot_arms/share/robot_arms/environment/ament_prefix_path.sh
-- Up-to-date: /home/dav/braccio_ws/install/robot_arms/share/robot_arms/environment/ament_prefix_path.dsv
-- Up-to-date: /home/dav/braccio_ws/install/robot_arms/share/robot_arms/environment/path.sh
-- Up-to-date: /home/dav/braccio_ws/install/robot_arms/share/robot_arms/environment/path.dsv
-- Up-to-date: /home/dav/braccio_ws/install/robot_arms/share/robot_arms/local_setup.bash
-- Up-to-date: /home/dav/braccio_ws/install/robot_arms/share/robot_arms/local_setup.sh
-- Up-to-date: /home/dav/braccio_ws/install/robot_arms/share/robot_arms/local_setup.zsh
-- Up-to-date: /home/dav/braccio_ws/install/robot_arms/share/robot_arms/local_setup.dsv
-- Installing: /home/dav/braccio_ws/install/robot_arms/share/robot_arms/package.dsv
-- Up-to-date: /home/dav/braccio_ws/install/robot_arms/share/ament_index/resource_index/packages/robot_arms
-- Up-to-date: /home/dav/braccio_ws/install/robot_arms/share/robot_arms/cmake/robot_armsConfig.cmake
-- Up-to-date: /home/dav/braccio_ws/install/robot_arms/share/robot_arms/cmake/robot_armsConfig-version.cmake
-- Up-to-date: /home/dav/braccio_ws/install/robot_arms/share/robot_arms/package.xml
